
There were test failures:
  1. /home/user/gradle/samples/src/operatorsTest/c/test_plus.c:6  - plus(0, -2) == -2
  2. /home/user/gradle/samples/src/operatorsTest/c/test_plus.c:7  - plus(2, 2) == 4

FAILURE: Build failed with an exception.

* What went wrong:
Execution failed for task ':runOperatorsTestFailingCUnitExe'.
> There were failing tests. See the results at: file:///home/user/gradle/samples/build/test-results/operatorsTest/failing/

* Try:
> Run with --stacktrace option to get the stack trace.
> Run with --info or --debug option to get more log output.
> Run with --scan to get full insights.
> Get more help at https://help.gradle.org.

BUILD FAILED in 0s
