# JRE version: Java(TM) SE Runtime Environment (7.0_60-b01) (build 1.7.0_60-ea-b01)
# Java VM: Java HotSpot(TM) 64-Bit Server VM (24.60-b03 mixed mode bsd-amd64 compressed oops)
Heap
 par new generation   total 157248K, used 98434K [0x00000007b0000000, 0x00000007baaa0000, 0x00000007baaa0000)
  eden space 139776K,  70% used [0x00000007b0000000, 0x00000007b6020bd0, 0x00000007b8880000)
  from space 17472K,   0% used [0x00000007b9990000, 0x00000007b9990000, 0x00000007baaa0000)
  to   space 17472K,   0% used [0x00000007b8880000, 0x00000007b8880000, 0x00000007b9990000)
 concurrent mark-sweep generation total 349568K, used 234089K [0x00000007baaa0000, 0x00000007d0000000, 0x00000007d0000000)
 concurrent-mark-sweep perm gen total 786432K, used 594120K [0x00000007d0000000, 0x0000000800000000, 0x0000000800000000)
GC Heap History (10 events):
Event: 922.366 GC heap before
{Heap before GC invocations=414 (full 15):
 par new generation   total 78656K, used 78046K [0x00000007b0000000, 0x00000007b5550000, 0x00000007baaa0000)
  eden space 69952K, 100% used [0x00000007b0000000, 0x00000007b4450000, 0x00000007b4450000)
  from space 8704K,  93% used [0x00000007b4450000, 0x00000007b4c37b90, 0x00000007b4cd0000)
  to   space 8704K,   0% used [0x00000007b4cd0000, 0x00000007b4cd0000, 0x00000007b5550000)
 concurrent mark-sweep generation total 349568K, used 313646K [0x00000007baaa0000, 0x00000007d0000000, 0x00000007d0000000)
 concurrent-mark-sweep perm gen total 786432K, used 580490K [0x00000007d0000000, 0x0000000800000000, 0x0000000800000000)
Event: 922.385 GC heap after
Heap after GC invocations=415 (full 15):
 par new generation   total 78656K, used 8703K [0x00000007b0000000, 0x00000007b5550000, 0x00000007baaa0000)
  eden space 69952K,   0% used [0x00000007b0000000, 0x00000007b0000000, 0x00000007b4450000)
  from space 8704K,  99% used [0x00000007b4cd0000, 0x00000007b554fff8, 0x00000007b5550000)
  to   space 8704K,   0% used [0x00000007b4450000, 0x00000007b4450000, 0x00000007b4cd0000)
 concurrent mark-sweep generation total 349568K, used 314661K [0x00000007baaa0000, 0x00000007d0000000, 0x00000007d0000000)
 concurrent-mark-sweep perm gen total 786432K, used 580490K [0x00000007d0000000, 0x0000000800000000, 0x0000000800000000)
}
Event: 923.107 GC heap before
{Heap before GC invocations=415 (full 15):
 par new generation   total 78656K, used 78655K [0x00000007b0000000, 0x00000007b5550000, 0x00000007baaa0000)
  eden space 69952K, 100% used [0x00000007b0000000, 0x00000007b4450000, 0x00000007b4450000)
  from space 8704K,  99% used [0x00000007b4cd0000, 0x00000007b554fff8, 0x00000007b5550000)
  to   space 8704K,   0% used [0x00000007b4450000, 0x00000007b4450000, 0x00000007b4cd0000)
 concurrent mark-sweep generation total 349568K, used 314661K [0x00000007baaa0000, 0x00000007d0000000, 0x00000007d0000000)
 concurrent-mark-sweep perm gen total 786432K, used 587145K [0x00000007d0000000, 0x0000000800000000, 0x0000000800000000)
Event: 923.131 GC heap after
Heap after GC invocations=416 (full 15):
 par new generation   total 78656K, used 8657K [0x00000007b0000000, 0x00000007b5550000, 0x00000007baaa0000)
  eden space 69952K,   0% used [0x00000007b0000000, 0x00000007b0000000, 0x00000007b4450000)
  from space 8704K,  99% used [0x00000007b4450000, 0x00000007b4cc4440, 0x00000007b4cd0000)
  to   space 8704K,   0% used [0x00000007b4cd0000, 0x00000007b4cd0000, 0x00000007b5550000)
 concurrent mark-sweep generation total 349568K, used 316690K [0x00000007baaa0000, 0x00000007d0000000, 0x00000007d0000000)
 concurrent-mark-sweep perm gen total 786432K, used 587145K [0x00000007d0000000, 0x0000000800000000, 0x0000000800000000)
}
Event: 934.177 GC heap before
{Heap before GC invocations=416 (full 15):
 par new generation   total 78656K, used 76564K [0x00000007b0000000, 0x00000007b5550000, 0x00000007baaa0000)
  eden space 69952K,  97% used [0x00000007b0000000, 0x00000007b4250e20, 0x00000007b4450000)
  from space 8704K,  99% used [0x00000007b4450000, 0x00000007b4cc4440, 0x00000007b4cd0000)
  to   space 8704K,   0% used [0x00000007b4cd0000, 0x00000007b4cd0000, 0x00000007b5550000)
 concurrent mark-sweep generation total 349568K, used 316690K [0x00000007baaa0000, 0x00000007d0000000, 0x00000007d0000000)
 concurrent-mark-sweep perm gen total 786432K, used 588346K [0x00000007d0000000, 0x0000000800000000, 0x0000000800000000)
Event: 936.623 GC heap after
Heap after GC invocations=417 (full 16):
 par new generation   total 157248K, used 0K [0x00000007b0000000, 0x00000007baaa0000, 0x00000007baaa0000)
  eden space 139776K,   0% used [0x00000007b0000000, 0x00000007b0000000, 0x00000007b8880000)
  from space 17472K,   0% used [0x00000007b8880000, 0x00000007b8880000, 0x00000007b9990000)
  to   space 17472K,   0% used [0x00000007b9990000, 0x00000007b9990000, 0x00000007baaa0000)
 concurrent mark-sweep generation total 349568K, used 258959K [0x00000007baaa0000, 0x00000007d0000000, 0x00000007d0000000)
 concurrent-mark-sweep perm gen total 786432K, used 582180K [0x00000007d0000000, 0x0000000800000000, 0x0000000800000000)
}
Event: 937.058 GC heap before
{Heap before GC invocations=417 (full 16):
 par new generation   total 157248K, used 98879K [0x00000007b0000000, 0x00000007baaa0000, 0x00000007baaa0000)
  eden space 139776K,  70% used [0x00000007b0000000, 0x00000007b608fe70, 0x00000007b8880000)
  from space 17472K,   0% used [0x00000007b8880000, 0x00000007b8880000, 0x00000007b9990000)
  to   space 17472K,   0% used [0x00000007b9990000, 0x00000007b9990000, 0x00000007baaa0000)
 concurrent mark-sweep generation total 349568K, used 258959K [0x00000007baaa0000, 0x00000007d0000000, 0x00000007d0000000)
 concurrent-mark-sweep perm gen total 786432K, used 582181K [0x00000007d0000000, 0x0000000800000000, 0x0000000800000000)
Event: 937.102 GC heap after
Heap after GC invocations=418 (full 16):
 par new generation   total 157248K, used 0K [0x00000007b0000000, 0x00000007baaa0000, 0x00000007baaa0000)
  eden space 139776K,   0% used [0x00000007b0000000, 0x00000007b0000000, 0x00000007b8880000)
  from space 17472K,   0% used [0x00000007b9990000, 0x00000007b9990000, 0x00000007baaa0000)
  to   space 17472K,   0% used [0x00000007b8880000, 0x00000007b8880000, 0x00000007b9990000)
 concurrent mark-sweep generation total 349568K, used 324497K [0x00000007baaa0000, 0x00000007d0000000, 0x00000007d0000000)
 concurrent-mark-sweep perm gen total 786432K, used 582181K [0x00000007d0000000, 0x0000000800000000, 0x0000000800000000)
}
Event: 942.897 GC heap before
{Heap before GC invocations=418 (full 18):
 par new generation   total 157248K, used 139776K [0x00000007b0000000, 0x00000007baaa0000, 0x00000007baaa0000)
  eden space 139776K, 100% used [0x00000007b0000000, 0x00000007b8880000, 0x00000007b8880000)
  from space 17472K,   0% used [0x00000007b9990000, 0x00000007b9990000, 0x00000007baaa0000)
  to   space 17472K,   0% used [0x00000007b8880000, 0x00000007b8880000, 0x00000007b9990000)
 concurrent mark-sweep generation total 349568K, used 299090K [0x00000007baaa0000, 0x00000007d0000000, 0x00000007d0000000)
 concurrent-mark-sweep perm gen total 786432K, used 589074K [0x00000007d0000000, 0x0000000800000000, 0x0000000800000000)
Event: 947.504 GC heap after
Heap after GC invocations=419 (full 19):
 par new generation   total 157248K, used 0K [0x00000007b0000000, 0x00000007baaa0000, 0x00000007baaa0000)
  eden space 139776K,   0% used [0x00000007b0000000, 0x00000007b0000000, 0x00000007b8880000)
  from space 17472K,   0% used [0x00000007b9990000, 0x00000007b9990000, 0x00000007baaa0000)
  to   space 17472K,   0% used [0x00000007b8880000, 0x00000007b8880000, 0x00000007b9990000)
 concurrent mark-sweep generation total 349568K, used 234089K [0x00000007baaa0000, 0x00000007d0000000, 0x00000007d0000000)
 concurrent-mark-sweep perm gen total 786432K, used 585508K [0x00000007d0000000, 0x0000000800000000, 0x0000000800000000)
}

