> Task :app:badClasspathPrinter FAILED
1 actionable task: 1 executed

FAILURE: Build failed with an exception.

* What went wrong:
Execution failed for task ':app:badClasspathPrinter'.
> File or directory /home/user/gradle/samples/lib/build/libs/lib.jar doesn't exist

* Try:
> Run with --stacktrace option to get the stack trace.
> Run with --info or --debug option to get more log output.
> Run with --scan to generate a Build Scan (Powered by Develocity).
> Get more help at https://help.gradle.org.

BUILD FAILED in 0s
